bin/proguard/seeds.txt
org.vradio.R$attr
org.vradio.R$color
org.vradio.R$color: int black
org.vradio.R$color: int bluegrey
org.vradio.R$color: int bright_foreground_dark
org.vradio.R$color: int redgrey
org.vradio.R$color: int rgray1
org.vradio.R$color: int rgray2
org.vradio.R$color: int rgray3
org.vradio.R$color: int translucent_dark
org.vradio.R$color: int translucent_dark2
org.vradio.R$color: int translucent_dark3
org.vradio.R$color: int transp
org.vradio.R$color: int white
org.vradio.R$drawable
org.vradio.R$drawable: int bg_glit_gold
org.vradio.R$drawable: int bg_glit_purp
org.vradio.R$drawable: int bg_grow_blue
org.vradio.R$drawable: int bg_grow_green
org.vradio.R$drawable: int blackrose_1
org.vradio.R$drawable: int del
org.vradio.R$drawable: int delon
org.vradio.R$drawable: int dotway_blu_1
org.vradio.R$drawable: int exit
org.vradio.R$drawable: int fav
org.vradio.R$drawable: int favon
org.vradio.R$drawable: int icon
org.vradio.R$drawable: int icontx
org.vradio.R$drawable: int like
org.vradio.R$drawable: int like_but
org.vradio.R$drawable: int likeon
org.vradio.R$drawable: int mainfield
org.vradio.R$drawable: int men_search_ov
org.vradio.R$drawable: int player_field
org.vradio.R$drawable: int player_left
org.vradio.R$drawable: int player_pause
org.vradio.R$drawable: int player_pause_rec_g
org.vradio.R$drawable: int player_play
org.vradio.R$drawable: int player_play_rec_g
org.vradio.R$drawable: int player_power
org.vradio.R$drawable: int player_quit_rec
org.vradio.R$drawable: int player_rec_off
org.vradio.R$drawable: int player_rec_on
org.vradio.R$drawable: int player_shop
org.vradio.R$drawable: int speak
org.vradio.R$drawable: int speakon
org.vradio.R$drawable: int star_but
org.vradio.R$drawable: int tab_fav
org.vradio.R$drawable: int tab_opt
org.vradio.R$drawable: int tab_rec
org.vradio.R$drawable: int tab_sea
org.vradio.R$drawable: int tab_str
org.vradio.R$drawable: int tabon_fav
org.vradio.R$drawable: int tabon_opt
org.vradio.R$id
org.vradio.R$id: int arlayout
org.vradio.R$id: int b1
org.vradio.R$id: int b2
org.vradio.R$id: int b3
org.vradio.R$id: int b4
org.vradio.R$id: int botn
org.vradio.R$id: int butcanc
org.vradio.R$id: int butok
org.vradio.R$id: int button1
org.vradio.R$id: int button_w1
org.vradio.R$id: int buydialogtx
org.vradio.R$id: int cachealways
org.vradio.R$id: int cachecb2
org.vradio.R$id: int cachenever
org.vradio.R$id: int cacheonce
org.vradio.R$id: int cachetx
org.vradio.R$id: int cb
org.vradio.R$id: int cutx1
org.vradio.R$id: int cutx2
org.vradio.R$id: int httx
org.vradio.R$id: int ibu
org.vradio.R$id: int ibuparent
org.vradio.R$id: int imib1
org.vradio.R$id: int imib2
org.vradio.R$id: int imib3
org.vradio.R$id: int like_on
org.vradio.R$id: int lil
org.vradio.R$id: int listparent
org.vradio.R$id: int listparentitem
org.vradio.R$id: int litx
org.vradio.R$id: int ll
org.vradio.R$id: int llnavi
org.vradio.R$id: int mainlist
org.vradio.R$id: int mobnetbu
org.vradio.R$id: int mobshowagain
org.vradio.R$id: int mobstabu
org.vradio.R$id: int mobtx
org.vradio.R$id: int more_overlay
org.vradio.R$id: int netbu
org.vradio.R$id: int nix
org.vradio.R$id: int pbgll
org.vradio.R$id: int pdiaid
org.vradio.R$id: int pfield
org.vradio.R$id: int pwrap
org.vradio.R$id: int qb1
org.vradio.R$id: int qb2
org.vradio.R$id: int qb3
org.vradio.R$id: int sadib1
org.vradio.R$id: int sadib2
org.vradio.R$id: int sadib4
org.vradio.R$id: int save_del
org.vradio.R$id: int save_row_text1