bin/proguard/mapping.txt
org.teleal.cling.bridge.link.LinkManager$1 -> org.teleal.cling.bridge.link.LinkManager$1:
    org.teleal.cling.bridge.link.LinkManagementListener val$listener -> val$listener
    org.teleal.cling.bridge.link.EndpointResource val$resource -> val$resource
    org.teleal.cling.bridge.link.LinkManager this$0 -> this$0
    void run() -> run
org.teleal.cling.bridge.link.LinkManager$2 -> org.teleal.cling.bridge.link.LinkManager$2:
    org.teleal.cling.bridge.link.EndpointResource val$resource -> val$resource
    org.teleal.cling.bridge.link.LinkManager this$0 -> this$0
    void run() -> run
org.teleal.cling.bridge.link.LinkManager$3 -> org.teleal.cling.bridge.link.LinkManager$3:
    org.teleal.cling.bridge.link.LinkManagementListener val$listener -> val$listener
    org.teleal.cling.bridge.link.EndpointResource val$resource -> val$resource
    org.teleal.cling.bridge.link.LinkManager this$0 -> this$0
    void run() -> run
org.teleal.cling.bridge.link.LinkManager$4 -> org.teleal.cling.bridge.link.LinkManager$4:
    org.teleal.cling.bridge.link.EndpointResource val$resource -> val$resource
    org.teleal.cling.bridge.link.LinkManager this$0 -> this$0
    void run() -> run
org.teleal.cling.bridge.link.LinkManager$5 -> org.teleal.cling.bridge.link.LinkManager$5:
    org.teleal.cling.bridge.link.LinkManagementListener val$listener -> val$listener
    org.teleal.cling.bridge.link.EndpointResource val$resource -> val$resource
    org.teleal.cling.bridge.link.LinkManager this$0 -> this$0
    void run() -> run
org.teleal.cling.bridge.link.LinkResource -> org.teleal.cling.bridge.link.LinkResource:
    java.util.logging.Logger log -> log
    org.teleal.common.xhtml.XHTML browseAll() -> browseAll
    javax.ws.rs.core.Response update(javax.ws.rs.core.MultivaluedMap) -> update
    javax.ws.rs.core.Response remove() -> remove
    org.teleal.common.xhtml.XHTML executeAction(javax.ws.rs.core.MultivaluedMap) -> executeAction
    org.teleal.cling.bridge.link.EndpointResource getRequestedEndpointResource() -> getRequestedEndpointResource
    org.teleal.cling.bridge.link.EndpointResource getEndpointResource(java.lang.String) -> getEndpointResource
    org.teleal.cling.bridge.link.EndpointResource createEndpointResource(org.teleal.cling.bridge.link.Endpoint) -> createEndpointResource
    org.teleal.common.xhtml.XHTML representEndpoints(java.lang.String[]) -> representEndpoints
    void createForm(org.teleal.common.xhtml.XHTMLElement) -> createForm
    org.teleal.cling.bridge.BridgeUpnpService access$000(org.teleal.cling.bridge.link.LinkResource) -> access$000
org.teleal.cling.bridge.link.LinkResource$1 -> org.teleal.cling.bridge.link.LinkResource$1:
    org.teleal.cling.bridge.link.LinkResource this$0 -> this$0
    org.teleal.cling.bridge.link.LinkManager getLinkManager() -> getLinkManager
org.teleal.cling.bridge.link.proxy.CombinedDescriptorBinder -> org.teleal.cling.bridge.link.proxy.CombinedDescriptorBinder:
    java.util.logging.Logger log -> log
    javax.xml.parsers.DocumentBuilderFactory documentBuilderFactory -> documentBuilderFactory
    javax.xml.parsers.DocumentBuilder documentBuilder -> documentBuilder
    org.teleal.cling.bridge.BridgeUpnpServiceConfiguration configuration -> configuration
    java.lang.String NAMESPACE_URN -> NAMESPACE_URN
    org.teleal.cling.bridge.BridgeUpnpServiceConfiguration getConfiguration() -> getConfiguration
    java.lang.String write(org.teleal.cling.model.meta.Device) -> write
    org.teleal.cling.bridge.link.proxy.ProxyLocalDevice read(java.lang.String,org.teleal.cling.bridge.link.Endpoint) -> read
    org.teleal.cling.bridge.link.proxy.ProxyDeviceIdentity deserializeIdentity(org.w3c.dom.Element,org.teleal.cling.bridge.link.Endpoint) -> deserializeIdentity
    org.teleal.cling.bridge.link.proxy.ProxyLocalDevice describeGraph(org.teleal.cling.bridge.link.proxy.ProxyLocalDevice,java.util.Map,java.util.Map) -> describeGraph
    java.lang.String documentToString(org.w3c.dom.Document) -> documentToString