bin/proguard/usage.txt
org.gstreamer.example.BusMessages$4
org.gstreamer.example.ButtonDemo
org.gstreamer.example.ButtonDemo$1
org.gstreamer.example.ButtonDemo$1$1
org.gstreamer.example.ButtonDemo$1$2
org.gstreamer.example.ColorBalance
org.gstreamer.example.DecodeBinPlayer
org.gstreamer.example.DecodeBinPlayer$1
org.gstreamer.example.DecodeBinPlayer$1$1
org.gstreamer.example.DecodeBinPlayer$2
org.gstreamer.example.DecodeBinPlayer$3
org.gstreamer.example.DecodeBinPlayer$4
org.gstreamer.example.DoubleQuit
org.gstreamer.example.DoubleQuit$1
org.gstreamer.example.DynamicPadTest
org.gstreamer.example.DynamicPadTest$1
org.gstreamer.example.ElementTest
org.gstreamer.example.FakeSrcTest
org.gstreamer.example.FakeSrcTest$1
org.gstreamer.example.FakeSrcTest$1$1
org.gstreamer.example.FakeSrcTest$1$2
org.gstreamer.example.GDateTest
org.gstreamer.example.InitTest
org.gstreamer.example.InputStreamSrcTest
org.gstreamer.example.InputStreamSrcTest$1
org.gstreamer.example.InputStreamSrcTest$2
org.gstreamer.example.InputStreamSrcTest$3
org.gstreamer.example.InputStreamSrcTest$4
org.gstreamer.example.NavigationTest
org.gstreamer.example.NavigationTest$1
org.gstreamer.example.NavigationTest$1$1
org.gstreamer.example.OutputStreamSinkTest
org.gstreamer.example.OutputStreamSinkTest$1
org.gstreamer.example.OutputStreamSinkTest$2
org.gstreamer.example.OutputStreamSinkTest$3
org.gstreamer.example.OutputStreamSinkTest$4
org.gstreamer.example.OverlayPlayer
org.gstreamer.example.OverlayPlayer$1
org.gstreamer.example.OverlayPlayer$1$1
org.gstreamer.example.OverlayPlayer$1$2
org.gstreamer.example.PiPDemo
org.gstreamer.example.PiPDemo$1
org.gstreamer.example.PiPDemo$1$1
org.gstreamer.example.PiPDemo$1$2
org.gstreamer.example.PiPDemo$1$3
org.gstreamer.example.PipelineLauncher
org.gstreamer.example.Player
org.gstreamer.example.Player$1
org.gstreamer.example.Player$2
org.gstreamer.example.PropertyProber
org.gstreamer.example.SWTVideoTest
org.gstreamer.example.SimplePipeline
org.gstreamer.example.SwingMultiPlayer
org.gstreamer.example.SwingMultiPlayer$1
org.gstreamer.example.SwingMultiPlayer$1$1
org.gstreamer.example.SwingMultiPlayerAlpha
org.gstreamer.example.SwingMultiPlayerAlpha$1
org.gstreamer.example.SwingMultiPlayerAlpha$1$1
org.gstreamer.example.SwingMultiPlayerAlpha$1$2
org.gstreamer.example.SwingPlayer
org.gstreamer.example.SwingPlayer$1
org.gstreamer.example.TagFinder
org.gstreamer.example.TagFinder$1
org.gstreamer.example.TagFinder$2
org.gstreamer.example.TagFinder$3
org.gstreamer.example.TunerTest
org.gstreamer.example.TypeFindTest
org.gstreamer.example.TypeFindTest$1
org.gstreamer.example.VideoPlayer
org.gstreamer.example.VideoPlayer$1
org.gstreamer.example.VideoTest
org.gstreamer.example.VideoTest$1
org.gstreamer.glib.GDate
org.gstreamer.glib.GQuark
org.gstreamer.glib.MainContextExecutorService
org.gstreamer.glib.MainContextExecutorService$1
org.gstreamer.glib.MainContextExecutorService$ScheduledTimeout
org.gstreamer.glib.MainContextExecutorService$ScheduledTimeout$1
org.gstreamer.glib.MainContextExecutorService$ScheduledTimeout$2
org.gstreamer.interfaces.ColorBalance
org.gstreamer.interfaces.ColorBalance$1
org.gstreamer.interfaces.ColorBalance$2
org.gstreamer.interfaces.ColorBalance$VALUE_CHANGED
org.gstreamer.interfaces.ColorBalanceChannel
org.gstreamer.interfaces.GstInterface
org.gstreamer.interfaces.GstInterface$ListElementCreator
org.gstreamer.interfaces.Mixer
org.gstreamer.interfaces.MixerTrack
org.gstreamer.interfaces.MixerTrack$Flags
org.gstreamer.interfaces.Navigation
org.gstreamer.interfaces.Property
org.gstreamer.interfaces.PropertyProbe
org.gstreamer.interfaces.Tuner
org.gstreamer.interfaces.Tuner$1
org.gstreamer.interfaces.Tuner$2
org.gstreamer.interfaces.Tuner$3
org.gstreamer.interfaces.Tuner$4
org.gstreamer.interfaces.Tuner$5
org.gstreamer.interfaces.Tuner$6
org.gstreamer.interfaces.Tuner$CHANNEL_CHANGED
org.gstreamer.interfaces.Tuner$FREQUENCY_CHANGED
org.gstreamer.interfaces.Tuner$NORM_CHANGED
org.gstreamer.interfaces.Tuner$SIGNAL_CHANGED